<?xml version="1.0" encoding="UTF-8"?>
<!-- Generated by org.testng.reporters.JUnitReportReporter -->
<testsuite hostname="CAV-PC" name="loopsTest.FibonaciiTest" tests="4" failures="0" timestamp="13 Apr 2016 02:11:01 GMT" time="0.015" errors="0">
  <testcase name="negFib" time="0.015" classname="loopsTest.FibonaciiTest"/>
  <testcase name="oneFib" time="0.000" classname="loopsTest.FibonaciiTest"/>
  <testcase name="zeroFib" time="0.000" classname="loopsTest.FibonaciiTest"/>
  <testcase name="posFib" time="0.000" classname="loopsTest.FibonaciiTest"/>
</testsuite> <!-- loopsTest.FibonaciiTest -->
