<?xml version="1.0" encoding="UTF-8"?>
<!-- Generated by org.testng.reporters.JUnitReportReporter -->
<testsuite hostname="CAV-PC" name="stringsTest.ParenthesisTest" tests="5" failures="0" timestamp="13 Apr 2016 19:07:09 GMT" time="0.017" errors="0">
  <testcase name="closeParenthesis" time="0.016" classname="stringsTest.ParenthesisTest"/>
  <testcase name="wrongParenthesis" time="0.000" classname="stringsTest.ParenthesisTest"/>
  <testcase name="correctParenthesis" time="0.000" classname="stringsTest.ParenthesisTest"/>
  <testcase name="openParenthesis" time="0.000" classname="stringsTest.ParenthesisTest"/>
  <testcase name="openCloseParenthesis" time="0.001" classname="stringsTest.ParenthesisTest"/>
</testsuite> <!-- stringsTest.ParenthesisTest -->
