<?xml version="1.0" encoding="UTF-8"?>
<!-- Generated by org.testng.reporters.JUnitReportReporter -->
<testsuite hostname="CAV-PC" name="loopsTest.ArmstrongTest" tests="6" failures="0" timestamp="12 Apr 2016 16:53:14 GMT" time="0.015" errors="0">
  <testcase name="nullNumArmstrong" time="0.015" classname="loopsTest.ArmstrongTest"/>
  <testcase name="zeroNumArmstrong" time="0.000" classname="loopsTest.ArmstrongTest"/>
  <testcase name="numArmstrong" time="0.000" classname="loopsTest.ArmstrongTest"/>
  <testcase name="numNotArmstrong" time="0.000" classname="loopsTest.ArmstrongTest"/>
  <testcase name="oneNumArmstrong" time="0.000" classname="loopsTest.ArmstrongTest"/>
  <testcase name="negNumArmstrong" time="0.000" classname="loopsTest.ArmstrongTest"/>
</testsuite> <!-- loopsTest.ArmstrongTest -->
