<?xml version="1.0" encoding="UTF-8"?>
<!-- Generated by org.testng.reporters.JUnitReportReporter -->
<testsuite hostname="CAV-PC" name="arraysTest.MergeTest" tests="5" failures="0" timestamp="11 Apr 2016 23:17:07 GMT" time="0.018" errors="0">
  <testcase name="DoubleNumMerge" time="0.015" classname="arraysTest.MergeTest"/>
  <testcase name="PosNegMerge" time="0.001" classname="arraysTest.MergeTest"/>
  <testcase name="Empty" time="0.001" classname="arraysTest.MergeTest"/>
  <testcase name="PosMerge" time="0.001" classname="arraysTest.MergeTest"/>
  <testcase name="NegMerge" time="0.000" classname="arraysTest.MergeTest"/>
</testsuite> <!-- arraysTest.MergeTest -->
