<?xml version="1.0" encoding="UTF-8"?>
<!-- Generated by org.testng.reporters.JUnitReportReporter -->
<testsuite hostname="CAV-PC" name="stringsTest.ReverseStringTest" tests="5" failures="0" timestamp="13 Apr 2016 22:59:54 GMT" time="0.017" errors="0">
  <testcase name="test2" time="0.001" classname="stringsTest.ReverseStringTest"/>
  <testcase name="test4" time="0.001" classname="stringsTest.ReverseStringTest"/>
  <testcase name="test5" time="0.003" classname="stringsTest.ReverseStringTest"/>
  <testcase name="test1" time="0.012" classname="stringsTest.ReverseStringTest"/>
  <testcase name="test3" time="0.000" classname="stringsTest.ReverseStringTest"/>
</testsuite> <!-- stringsTest.ReverseStringTest -->
