<?xml version="1.0" encoding="UTF-8"?>
<!-- Generated by org.testng.reporters.JUnitReportReporter -->
<testsuite hostname="CAV-PC" name="arraysTest.MissingNumTest" tests="4" failures="0" timestamp="12 Apr 2016 02:40:58 GMT" time="0.020" errors="0">
  <testcase name="duplicateMissingNum" time="0.017" classname="arraysTest.MissingNumTest"/>
  <testcase name="negMissingNum" time="0.001" classname="arraysTest.MissingNumTest"/>
  <testcase name="posNegMissingNum" time="0.001" classname="arraysTest.MissingNumTest"/>
  <testcase name="posMissingNum" time="0.001" classname="arraysTest.MissingNumTest"/>
</testsuite> <!-- arraysTest.MissingNumTest -->
