<?xml version="1.0" encoding="UTF-8"?>
<!-- Generated by org.testng.reporters.JUnitReportReporter -->
<testsuite hostname="CAV-PC" name="loopsTest.PrimeNumTest" tests="3" failures="0" timestamp="13 Apr 2016 02:18:07 GMT" time="0.016" errors="0">
  <testcase name="isNotprimeTest" time="0.016" classname="loopsTest.PrimeNumTest"/>
  <testcase name="isprimeTest" time="0.000" classname="loopsTest.PrimeNumTest"/>
  <testcase name="negPrimeTest" time="0.000" classname="loopsTest.PrimeNumTest"/>
</testsuite> <!-- loopsTest.PrimeNumTest -->
