<?xml version="1.0" encoding="UTF-8"?>
<!-- Generated by org.testng.reporters.JUnitReportReporter -->
<testsuite hostname="CAV-PC" name="stringsTest.ImplementationTest" tests="2" failures="0" timestamp="13 Apr 2016 23:08:28 GMT" time="0.014" errors="0">
  <testcase name="equalTest" time="0.014" classname="stringsTest.ImplementationTest"/>
  <testcase name="notEqualTest" time="0.000" classname="stringsTest.ImplementationTest"/>
</testsuite> <!-- stringsTest.ImplementationTest -->
