<?xml version="1.0" encoding="UTF-8"?>
<!-- Generated by org.testng.reporters.JUnitReportReporter -->
<testsuite hostname="CAV-PC" name="stringsTest.ReverseEachWordTest" tests="3" failures="0" timestamp="13 Apr 2016 22:46:04 GMT" time="0.015" errors="0">
  <testcase name="Test1" time="0.015" classname="stringsTest.ReverseEachWordTest"/>
  <testcase name="Test2" time="0.000" classname="stringsTest.ReverseEachWordTest"/>
  <testcase name="Test3" time="0.000" classname="stringsTest.ReverseEachWordTest"/>
</testsuite> <!-- stringsTest.ReverseEachWordTest -->
