<?xml version="1.0" encoding="UTF-8"?>
<!-- Generated by org.testng.reporters.JUnitReportReporter -->
<testsuite hostname="CAV-PC" name="loopsTest.FactorialTest" tests="3" failures="0" timestamp="12 Apr 2016 18:35:46 GMT" time="0.020" errors="0">
  <testcase name="PosNumTest" time="0.018" classname="loopsTest.FactorialTest"/>
  <testcase name="oneNumTest" time="0.001" classname="loopsTest.FactorialTest"/>
  <testcase name="zeroNumTest" time="0.001" classname="loopsTest.FactorialTest"/>
</testsuite> <!-- loopsTest.FactorialTest -->
