<?xml version="1.0" encoding="UTF-8"?>
<!-- Generated by org.testng.reporters.JUnitReportReporter -->
<testsuite hostname="CAV-PC" name="loopsTest.DivisibleTest" tests="5" failures="0" timestamp="12 Apr 2016 18:12:34 GMT" time="0.019" errors="0">
  <testcase name="negPingPongDiv" time="0.015" classname="loopsTest.DivisibleTest"/>
  <testcase name="pongDiv" time="0.001" classname="loopsTest.DivisibleTest"/>
  <testcase name="noNumDiv" time="0.001" classname="loopsTest.DivisibleTest"/>
  <testcase name="pingPongDiv" time="0.001" classname="loopsTest.DivisibleTest"/>
  <testcase name="pingDiv" time="0.001" classname="loopsTest.DivisibleTest"/>
</testsuite> <!-- loopsTest.DivisibleTest -->
