<?xml version="1.0" encoding="UTF-8"?>
<!-- Generated by org.testng.reporters.JUnitReportReporter -->
<testsuite hostname="CAV-PC" name="arraysTest.LinearTest" tests="3" failures="0" timestamp="12 Apr 2016 15:44:13 GMT" time="0.013" errors="0">
  <testcase name="negNumArray" time="0.012" classname="arraysTest.LinearTest"/>
  <testcase name="numInArray" time="0.001" classname="arraysTest.LinearTest"/>
  <testcase name="numNotInArray" time="0.000" classname="arraysTest.LinearTest"/>
</testsuite> <!-- arraysTest.LinearTest -->
