<?xml version="1.0" encoding="UTF-8"?>
<!-- Generated by org.testng.reporters.JUnitReportReporter -->
<testsuite hostname="CAV-PC" name="stringsTest.PalindromeTest" tests="4" failures="0" timestamp="13 Apr 2016 18:48:01 GMT" time="0.017" errors="0">
  <testcase name="notPalindrome" time="0.001" classname="stringsTest.PalindromeTest"/>
  <testcase name="palindrome" time="0.001" classname="stringsTest.PalindromeTest"/>
  <testcase name="blankPalindrome" time="0.014" classname="stringsTest.PalindromeTest"/>
  <testcase name="nullPalindrome" time="0.001" classname="stringsTest.PalindromeTest"/>
</testsuite> <!-- stringsTest.PalindromeTest -->
