<?xml version="1.0" encoding="UTF-8"?>
<!-- Generated by org.testng.reporters.JUnitReportReporter -->
<testsuite hostname="CAV-PC" name="oopTest.PolyTest" tests="4" failures="0" timestamp="12 Apr 2016 20:53:50 GMT" time="0.015" errors="0">
  <testcase name="negTest" time="0.014" classname="oopTest.PolyTest"/>
  <testcase name="oneTest" time="0.001" classname="oopTest.PolyTest"/>
  <testcase name="zeroTest" time="0.000" classname="oopTest.PolyTest"/>
  <testcase name="posTest" time="0.000" classname="oopTest.PolyTest"/>
</testsuite> <!-- oopTest.PolyTest -->
