<?xml version="1.0" encoding="UTF-8"?>
<!-- Generated by org.testng.reporters.JUnitReportReporter -->
<testsuite hostname="CAV-PC" name="loopsTest.SwappingTest" tests="3" failures="0" timestamp="13 Apr 2016 02:32:27 GMT" time="0.000" errors="0">
  <testcase name="DupNumSwap" time="0.000" classname="loopsTest.SwappingTest"/>
  <testcase name="negNumSwap" time="0.000" classname="loopsTest.SwappingTest"/>
  <testcase name="posNumSwap" time="0.000" classname="loopsTest.SwappingTest"/>
</testsuite> <!-- loopsTest.SwappingTest -->
