<?xml version="1.0" encoding="UTF-8"?>
<!-- Generated by org.testng.reporters.JUnitReportReporter -->
<testsuite hostname="CAV-PC" name="arraysTest.SwapTwoTest" tests="4" failures="0" timestamp="13 Apr 2016 02:57:02 GMT" time="0.016" errors="0">
  <testcase name="dupNum" time="0.016" classname="arraysTest.SwapTwoTest"/>
  <testcase name="negNum" time="0.000" classname="arraysTest.SwapTwoTest"/>
  <testcase name="posNum" time="0.000" classname="arraysTest.SwapTwoTest"/>
  <testcase name="posNegNum" time="0.000" classname="arraysTest.SwapTwoTest"/>
</testsuite> <!-- arraysTest.SwapTwoTest -->
