<?xml version="1.0" encoding="UTF-8"?>
<!-- Generated by org.testng.reporters.JUnitReportReporter -->
<testsuite hostname="CAV-PC" name="arraysTest.LargestNumTest" tests="4" failures="0" timestamp="11 Apr 2016 20:50:39 GMT" time="0.016" errors="0">
  <testcase name="negNumTest" time="0.013" classname="arraysTest.LargestNumTest"/>
  <testcase name="posNegNumTest" time="0.001" classname="arraysTest.LargestNumTest"/>
  <testcase name="sameNumTest" time="0.001" classname="arraysTest.LargestNumTest"/>
  <testcase name="posNumTest" time="0.001" classname="arraysTest.LargestNumTest"/>
</testsuite> <!-- arraysTest.LargestNumTest -->
