<?xml version="1.0" encoding="UTF-8"?>
<!-- Generated by org.testng.reporters.JUnitReportReporter -->
<testsuite hostname="CAV-PC" name="stringsTest.AcceptStringTest" tests="4" failures="0" timestamp="13 Apr 2016 18:21:16 GMT" time="0.017" errors="0">
  <testcase name="mulitpleStringTest" time="0.001" classname="stringsTest.AcceptStringTest"/>
  <testcase name="singleStringTest" time="0.001" classname="stringsTest.AcceptStringTest"/>
  <testcase name="StringTest" time="0.014" classname="stringsTest.AcceptStringTest"/>
  <testcase name="nullStringTest" time="0.001" classname="stringsTest.AcceptStringTest"/>
</testsuite> <!-- stringsTest.AcceptStringTest -->
