<?xml version="1.0" encoding="UTF-8"?>
<!-- Generated by org.testng.reporters.JUnitReportReporter -->
<testsuite hostname="CAV-PC" name="stringsTest.SubStringTest" tests="3" failures="0" timestamp="13 Apr 2016 20:24:06 GMT" time="0.015" errors="0">
  <testcase name="Test1" time="0.013" classname="stringsTest.SubStringTest"/>
  <testcase name="Test2" time="0.001" classname="stringsTest.SubStringTest"/>
  <testcase name="Test3" time="0.001" classname="stringsTest.SubStringTest"/>
</testsuite> <!-- stringsTest.SubStringTest -->
