<?xml version="1.0" encoding="UTF-8"?>
<!-- Generated by org.testng.reporters.JUnitReportReporter -->
<testsuite hostname="CAV-PC" name="arraysTest.CommonNumTest" tests="4" failures="0" timestamp="11 Apr 2016 20:05:50 GMT" time="0.013" errors="0">
  <testcase name="DuplicateNumTest" time="0.012" classname="arraysTest.CommonNumTest"/>
  <testcase name="NegativeNumTest" time="0.001" classname="arraysTest.CommonNumTest"/>
  <testcase name="PositiveNumTest" time="0.000" classname="arraysTest.CommonNumTest"/>
  <testcase name="PosNegNumTest" time="0.000" classname="arraysTest.CommonNumTest"/>
</testsuite> <!-- arraysTest.CommonNumTest -->
