<?xml version="1.0" encoding="UTF-8"?>
<!-- Generated by org.testng.reporters.JUnitReportReporter -->
<testsuite hostname="CAV-PC" name="arraysTest.SortArrayTest" tests="5" failures="0" timestamp="12 Apr 2016 00:03:37 GMT" time="0.016" errors="0">
  <testcase name="Empty" time="0.012" classname="arraysTest.SortArrayTest"/>
  <testcase name="posSort" time="0.001" classname="arraysTest.SortArrayTest"/>
  <testcase name="NegSort" time="0.001" classname="arraysTest.SortArrayTest"/>
  <testcase name="SameNumSort" time="0.001" classname="arraysTest.SortArrayTest"/>
  <testcase name="PosNegSort" time="0.001" classname="arraysTest.SortArrayTest"/>
</testsuite> <!-- arraysTest.SortArrayTest -->
